INFO:root:Data of Subject 1 has been loaded.
INFO:root:Data of Subject 2 has been loaded.
INFO:root:Data of Subject 3 has been loaded.
INFO:root:3 files have been loaded completely.
INFO:root:Data of Subject 1 has been loaded.
INFO:root:Test of subject2 has been marked as invalid because of sadas
INFO:root:Data of Subject 2 has been loaded.
INFO:root:Test of subject3 has been marked as invalid because of as
INFO:root:Data of Subject 3 has been loaded.
INFO:root:3 files have been loaded completely.
INFO:root:Test of subject1 has been marked as invalid because of as
INFO:root:Test of subject1 has been marked as invalid because of dasds
INFO:root:13/01/2022 14:48:02Data of Subject 1 has been loaded.
INFO:root:13/01/2022 14:48:02Data of Subject 2 has been loaded.
INFO:root:13/01/2022 14:48:02Data of Subject 3 has been loaded.
INFO:root:3 files have been loaded completely.
INFO:root:13/01/2022 14:49:25Test of subject1 has been marked as invalid because of asdsa
INFO:root:13/01/2022 14:49:25: Data of Subject 1 has been loaded.
INFO:root:13/01/2022 14:49:26: Data of Subject 2 has been loaded.
INFO:root:13/01/2022 14:49:26: Data of Subject 3 has been loaded.
INFO:root:13/01/2022 14:49:263 files have been loaded completely.
INFO:root:13/01/2022 14:50:20: Test of subject1 has been marked as invalid because of sad
INFO:root:13/01/2022 14:50:20: Data of Subject 1 has been loaded.
INFO:root:13/01/2022 14:50:20: Data of Subject 2 has been loaded.
INFO:root:13/01/2022 14:50:21: Data of Subject 3 has been loaded.
INFO:root:13/01/2022 14:50:21: 3 files have been loaded completely.
INFO:numexpr.utils:NumExpr defaulting to 8 threads.
INFO:root:01/03/2022 16:24:07: Data of Subject 1 has been loaded.
INFO:root:01/03/2022 16:24:10: Data of Subject 2 has been loaded.
INFO:root:01/03/2022 16:24:11: Data of Subject 3 has been loaded.
INFO:root:01/03/2022 16:24:11: 3 files have been loaded completely.
INFO:root:01/03/2022 16:27:43: Data of Subject 1 has been loaded.
INFO:root:01/03/2022 16:27:43: Data of Subject 2 has been loaded.
INFO:root:01/03/2022 16:27:44: Data of Subject 3 has been loaded.
INFO:root:01/03/2022 16:27:44: 3 files have been loaded completely.
INFO:root:01/03/2022 16:30:30: Data of Subject 1 has been loaded.
INFO:root:01/03/2022 16:30:32: Data of Subject 2 has been loaded.
INFO:root:01/03/2022 16:30:33: Data of Subject 3 has been loaded.
INFO:root:01/03/2022 16:30:33: 3 files have been loaded completely.
INFO:root:01/03/2022 16:32:10: Data of Subject 1 has been loaded.
INFO:root:01/03/2022 16:32:10: Data of Subject 2 has been loaded.
INFO:root:01/03/2022 16:32:11: Data of Subject 3 has been loaded.
INFO:root:01/03/2022 16:32:11: 3 files have been loaded completely.
INFO:root:01/03/2022 16:32:39: Data of Subject 1 has been loaded.
INFO:root:01/03/2022 16:32:40: Data of Subject 2 has been loaded.
INFO:root:01/03/2022 16:32:41: Data of Subject 3 has been loaded.
INFO:root:01/03/2022 16:32:41: 3 files have been loaded completely.
INFO:root:01/03/2022 16:35:04: Data of Subject 1 has been loaded.
INFO:root:01/03/2022 16:35:06: Data of Subject 2 has been loaded.
INFO:root:01/03/2022 16:35:07: Data of Subject 3 has been loaded.
INFO:root:01/03/2022 16:35:07: 3 files have been loaded completely.
INFO:root:01/03/2022 16:36:42: Data of Subject 1 has been loaded.
INFO:root:01/03/2022 16:36:43: Data of Subject 2 has been loaded.
INFO:root:01/03/2022 16:36:43: Data of Subject 3 has been loaded.
INFO:root:01/03/2022 16:36:43: 3 files have been loaded completely.
